<?xml version="1.0" encoding="UTF-8"?>
<!-- Generated by org.testng.reporters.JUnitXMLReporter -->
<testsuite ignored="0" hostname="Edwin-PC" failures="1" tests="12" name="Test" time="176.575" errors="0" timestamp="2019-07-27T21:25:44 IST">
  <testcase classname="com.demoauto.qa.testcases.loginpagetest" name="loginpagetitletest" time="0.074"/>
  <testcase classname="com.demoauto.qa.testcases.loginpagetest" name="logotest" time="0.337"/>
  <testcase classname="com.demoauto.qa.testcases.loginpagetest" name="signinbuttontest" time="0.177"/>
  <testcase classname="com.demoauto.qa.testcases.loginpagetest" name="skipsigninbuttontest" time="0.116"/>
  <testcase classname="com.demoauto.qa.testcases.loginpagetest" name="entertest" time="11.677"/>
  <testcase classname="com.demoauto.qa.testcases.registerpagetest" name="regpagetitletest" time="0.016"/>
  <testcase classname="com.demoauto.qa.testcases.registerpagetest" name="regpagelogotest" time="0.077"/>
  <testcase classname="com.demoauto.qa.testcases.registerpagetest" name="hmpglinktest" time="0.333"/>
  <testcase classname="com.demoauto.qa.testcases.registerpagetest" name="switchtolinktest" time="20.847">
    <failure type="org.openqa.selenium.TimeoutException" message="timeout
  (Session info: chrome=75.0.3770.142)
Build info: version: &amp;apos;4.0.0-alpha-2&amp;apos;, revision: &amp;apos;f148142cf8&amp;apos;, time: &amp;apos;2019-07-01T20:55:26&amp;apos;
System info: host: &amp;apos;EDWIN-PC&amp;apos;, ip: &amp;apos;192.168.1.100&amp;apos;, os.name: &amp;apos;Windows 7&amp;apos;, os.arch: &amp;apos;amd64&amp;apos;, os.version: &amp;apos;6.1&amp;apos;, java.version: &amp;apos;12&amp;apos;
Driver info: org.openqa.selenium.chrome.ChromeDriver
Capabilities {acceptInsecureCerts: false, browserName: chrome, browserVersion: 75.0.3770.142, chrome: {chromedriverVersion: 75.0.3770.140 (2d9f97485c7b..., userDataDir: C:\Users\Edwin\AppData\Loca...}, goog:chromeOptions: {debuggerAddress: localhost:49651}, javascriptEnabled: true, networkConnectionEnabled: false, pageLoadStrategy: normal, platform: XP, platformName: XP, proxy: Proxy(), setWindowRect: true, strictFileInteractability: false, timeouts: {implicit: 0, pageLoad: 300000, script: 30000}, unhandledPromptBehavior: dismiss and notify}
Session ID: 14b124bf2a831d6aa096afadd31596be">
      <![CDATA[org.openqa.selenium.TimeoutException: timeout
  (Session info: chrome=75.0.3770.142)
Build info: version: '4.0.0-alpha-2', revision: 'f148142cf8', time: '2019-07-01T20:55:26'
System info: host: 'EDWIN-PC', ip: '192.168.1.100', os.name: 'Windows 7', os.arch: 'amd64', os.version: '6.1', java.version: '12'
Driver info: org.openqa.selenium.chrome.ChromeDriver
Capabilities {acceptInsecureCerts: false, browserName: chrome, browserVersion: 75.0.3770.142, chrome: {chromedriverVersion: 75.0.3770.140 (2d9f97485c7b..., userDataDir: C:\Users\Edwin\AppData\Loca...}, goog:chromeOptions: {debuggerAddress: localhost:49651}, javascriptEnabled: true, networkConnectionEnabled: false, pageLoadStrategy: normal, platform: XP, platformName: XP, proxy: Proxy(), setWindowRect: true, strictFileInteractability: false, timeouts: {implicit: 0, pageLoad: 300000, script: 30000}, unhandledPromptBehavior: dismiss and notify}
Session ID: 14b124bf2a831d6aa096afadd31596be
at org.openqa.selenium.remote.codec.w3c.W3CHttpResponseCodec.createException(W3CHttpResponseCodec.java:191)
at org.openqa.selenium.remote.codec.w3c.W3CHttpResponseCodec.decode(W3CHttpResponseCodec.java:125)
at org.openqa.selenium.remote.codec.w3c.W3CHttpResponseCodec.decode(W3CHttpResponseCodec.java:52)
at org.openqa.selenium.remote.HttpCommandExecutor.execute(HttpCommandExecutor.java:161)
at org.openqa.selenium.remote.service.DriverCommandExecutor.execute(DriverCommandExecutor.java:83)
at org.openqa.selenium.remote.RemoteWebDriver.execute(RemoteWebDriver.java:576)
at org.openqa.selenium.remote.RemoteWebElement.execute(RemoteWebElement.java:308)
at org.openqa.selenium.remote.RemoteWebElement.click(RemoteWebElement.java:83)
at org.openqa.selenium.support.pagefactory.internal.LocatingElementHandler.invoke(LocatingElementHandler.java:52)
at com.sun.proxy.$Proxy12.click(Unknown Source)
at com.demoauto.qa.pages.Registerpage.switchtolink(Registerpage.java:52)
at com.demoauto.qa.testcases.registerpagetest.switchtolinktest(registerpagetest.java:46)
at java.base/java.util.ArrayList.forEach(ArrayList.java:1540)
... Removed 36 stack frames]]>
    </failure>
  </testcase> <!-- switchtolinktest -->
  <testcase classname="com.demoauto.qa.testcases.alertspagetest" name="altpagetitletest" time="0.012"/>
  <testcase classname="com.demoauto.qa.testcases.alertspagetest" name="altpagelogotest" time="0.112"/>
  <testcase classname="com.demoauto.qa.testcases.alertspagetest" name="alttexttest" time="0.322"/>
</testsuite> <!-- Test -->
